Performing C SOURCE FILE Test CMAKE_HAVE_LIBC_PTHREAD failed with the following output:
Change Dir: /home/guimzago/snake/CppND-Capstone-Snake-Game/build/CMakeFiles/CMakeTmp

Run Build Command(s):/usr/bin/make cmTC_edca4/fast && /usr/bin/make -f CMakeFiles/cmTC_edca4.dir/build.make CMakeFiles/cmTC_edca4.dir/build
make[1]: Entering directory '/home/guimzago/snake/CppND-Capstone-Snake-Game/build/CMakeFiles/CMakeTmp'
Building C object CMakeFiles/cmTC_edca4.dir/src.c.o
/usr/bin/cc   -DCMAKE_HAVE_LIBC_PTHREAD   -o CMakeFiles/cmTC_edca4.dir/src.c.o   -c /home/guimzago/snake/CppND-Capstone-Snake-Game/build/CMakeFiles/CMakeTmp/src.c
Linking C executable cmTC_edca4
/usr/bin/cmake -E cmake_link_script CMakeFiles/cmTC_edca4.dir/link.txt --verbose=1
/usr/bin/cc  -DCMAKE_HAVE_LIBC_PTHREAD    CMakeFiles/cmTC_edca4.dir/src.c.o  -o cmTC_edca4 
/usr/bin/ld: CMakeFiles/cmTC_edca4.dir/src.c.o: in function `main':
src.c:(.text+0x46): undefined reference to `pthread_create'
/usr/bin/ld: src.c:(.text+0x52): undefined reference to `pthread_detach'
/usr/bin/ld: src.c:(.text+0x63): undefined reference to `pthread_join'
collect2: error: ld returned 1 exit status
make[1]: *** [CMakeFiles/cmTC_edca4.dir/build.make:87: cmTC_edca4] Error 1
make[1]: Leaving directory '/home/guimzago/snake/CppND-Capstone-Snake-Game/build/CMakeFiles/CMakeTmp'
make: *** [Makefile:121: cmTC_edca4/fast] Error 2


Source file was:
#include <pthread.h>

void* test_func(void* data)
{
  return data;
}

int main(void)
{
  pthread_t thread;
  pthread_create(&thread, NULL, test_func, NULL);
  pthread_detach(thread);
  pthread_join(thread, NULL);
  pthread_atfork(NULL, NULL, NULL);
  pthread_exit(NULL);

  return 0;
}

Performing C SOURCE FILE Test CMAKE_HAVE_LIBC_PTHREAD failed with the following output:
Change Dir: /home/guimzago/snake/CppND-Capstone-Snake-Game/build/CMakeFiles/CMakeTmp

Run Build Command(s):/usr/bin/make cmTC_89394/fast && /usr/bin/make -f CMakeFiles/cmTC_89394.dir/build.make CMakeFiles/cmTC_89394.dir/build
make[1]: Entering directory '/home/guimzago/snake/CppND-Capstone-Snake-Game/build/CMakeFiles/CMakeTmp'
Building C object CMakeFiles/cmTC_89394.dir/src.c.o
/usr/bin/cc   -DCMAKE_HAVE_LIBC_PTHREAD   -o CMakeFiles/cmTC_89394.dir/src.c.o   -c /home/guimzago/snake/CppND-Capstone-Snake-Game/build/CMakeFiles/CMakeTmp/src.c
Linking C executable cmTC_89394
/usr/bin/cmake -E cmake_link_script CMakeFiles/cmTC_89394.dir/link.txt --verbose=1
/usr/bin/cc  -DCMAKE_HAVE_LIBC_PTHREAD    CMakeFiles/cmTC_89394.dir/src.c.o  -o cmTC_89394 
/usr/bin/ld: CMakeFiles/cmTC_89394.dir/src.c.o: in function `main':
src.c:(.text+0x46): undefined reference to `pthread_create'
/usr/bin/ld: src.c:(.text+0x52): undefined reference to `pthread_detach'
/usr/bin/ld: src.c:(.text+0x63): undefined reference to `pthread_join'
collect2: error: ld returned 1 exit status
make[1]: *** [CMakeFiles/cmTC_89394.dir/build.make:87: cmTC_89394] Error 1
make[1]: Leaving directory '/home/guimzago/snake/CppND-Capstone-Snake-Game/build/CMakeFiles/CMakeTmp'
make: *** [Makefile:121: cmTC_89394/fast] Error 2


Source file was:
#include <pthread.h>

void* test_func(void* data)
{
  return data;
}

int main(void)
{
  pthread_t thread;
  pthread_create(&thread, NULL, test_func, NULL);
  pthread_detach(thread);
  pthread_join(thread, NULL);
  pthread_atfork(NULL, NULL, NULL);
  pthread_exit(NULL);

  return 0;
}

Performing C SOURCE FILE Test CMAKE_HAVE_LIBC_PTHREAD failed with the following output:
Change Dir: /home/guimzago/snake/CppND-Capstone-Snake-Game/build/CMakeFiles/CMakeTmp

Run Build Command(s):/usr/bin/make cmTC_ffadb/fast && /usr/bin/make -f CMakeFiles/cmTC_ffadb.dir/build.make CMakeFiles/cmTC_ffadb.dir/build
make[1]: Entering directory '/home/guimzago/snake/CppND-Capstone-Snake-Game/build/CMakeFiles/CMakeTmp'
Building C object CMakeFiles/cmTC_ffadb.dir/src.c.o
/usr/bin/cc   -DCMAKE_HAVE_LIBC_PTHREAD   -o CMakeFiles/cmTC_ffadb.dir/src.c.o   -c /home/guimzago/snake/CppND-Capstone-Snake-Game/build/CMakeFiles/CMakeTmp/src.c
Linking C executable cmTC_ffadb
/usr/bin/cmake -E cmake_link_script CMakeFiles/cmTC_ffadb.dir/link.txt --verbose=1
/usr/bin/cc  -DCMAKE_HAVE_LIBC_PTHREAD    CMakeFiles/cmTC_ffadb.dir/src.c.o  -o cmTC_ffadb 
/usr/bin/ld: CMakeFiles/cmTC_ffadb.dir/src.c.o: in function `main':
src.c:(.text+0x46): undefined reference to `pthread_create'
/usr/bin/ld: src.c:(.text+0x52): undefined reference to `pthread_detach'
/usr/bin/ld: src.c:(.text+0x63): undefined reference to `pthread_join'
collect2: error: ld returned 1 exit status
make[1]: *** [CMakeFiles/cmTC_ffadb.dir/build.make:87: cmTC_ffadb] Error 1
make[1]: Leaving directory '/home/guimzago/snake/CppND-Capstone-Snake-Game/build/CMakeFiles/CMakeTmp'
make: *** [Makefile:121: cmTC_ffadb/fast] Error 2


Source file was:
#include <pthread.h>

void* test_func(void* data)
{
  return data;
}

int main(void)
{
  pthread_t thread;
  pthread_create(&thread, NULL, test_func, NULL);
  pthread_detach(thread);
  pthread_join(thread, NULL);
  pthread_atfork(NULL, NULL, NULL);
  pthread_exit(NULL);

  return 0;
}

